<?xml version="1.0" encoding="UTF-8"?>
<testng-results skipped="0" failed="0" total="1" passed="1">
  <reporter-output>
  </reporter-output>
  <suite name="Default suite" duration-ms="11303" started-at="2019-01-22T09:05:14Z" finished-at="2019-01-22T09:05:25Z">
    <groups>
    </groups>
    <test name="Default test" duration-ms="11303" started-at="2019-01-22T09:05:14Z" finished-at="2019-01-22T09:05:25Z">
      <class name="com.demo.LoginTest">
        <test-method status="PASS" signature="LoginPassUsingFlow()[pri:0, instance:com.demo.LoginTest@6fffcba5]" name="LoginPassUsingFlow" duration-ms="11280" started-at="2019-01-22T17:05:14Z" finished-at="2019-01-22T17:05:25Z">
          <reporter-output>
          </reporter-output>
        </test-method> <!-- LoginPassUsingFlow -->
      </class> <!-- com.demo.LoginTest -->
    </test> <!-- Default test -->
  </suite> <!-- Default suite -->
</testng-results>
